Build started 21/12/2016 22:09:57.
     1>Project "C:\Users\Nicholas\Desktop\Final OOP\WallySearch\WallySearch\WallySearch.vcxproj" on node 2 (Build target(s)).
     1>ClCompile:
         C:\Program Files (x86)\Microsoft Visual Studio 14.0\VC\bin\CL.exe /c /Zi /nologo /W3 /WX- /sdl /O2 /Oi /Oy- /GL /D WIN32 /D NDEBUG /D _CONSOLE /D _UNICODE /D UNICODE /Gm- /EHsc /MD /GS /Gy /fp:precise /Zc:wchar_t /Zc:forScope /Zc:inline /Yc"stdafx.h" /Fp"Release\WallySearch.pch" /Fo"Release\\" /Fd"Release\vc140.pdb" /Gd /TP /analyze- /errorReport:prompt stdafx.cpp
         stdafx.cpp
         C:\Program Files (x86)\Microsoft Visual Studio 14.0\VC\bin\CL.exe /c /Zi /nologo /W3 /WX- /sdl /O2 /Oi /Oy- /GL /D WIN32 /D NDEBUG /D _CONSOLE /D _UNICODE /D UNICODE /Gm- /EHsc /MD /GS /Gy /fp:precise /Zc:wchar_t /Zc:forScope /Zc:inline /Yu"stdafx.h" /Fp"Release\WallySearch.pch" /Fo"Release\\" /Fd"Release\vc140.pdb" /Gd /TP /analyze- /errorReport:prompt Matrix.cpp WallySmall.cpp WallyLarge.cpp Main.cpp
         Matrix.cpp
     1>Matrix.cpp(28): warning C4244: 'initializing': conversion from 'double' to 'int', possible loss of data
     1>Matrix.cpp(41): warning C4101: 'j': unreferenced local variable
         WallySmall.cpp
         WallyLarge.cpp
         Main.cpp
       Link:
         C:\Program Files (x86)\Microsoft Visual Studio 14.0\VC\bin\link.exe /ERRORREPORT:PROMPT /OUT:"C:\Users\Nicholas\Desktop\Final OOP\WallySearch\Release\WallySearch.exe" /INCREMENTAL:NO /NOLOGO kernel32.lib user32.lib gdi32.lib winspool.lib comdlg32.lib advapi32.lib shell32.lib ole32.lib oleaut32.lib uuid.lib odbc32.lib odbccp32.lib /MANIFEST /MANIFESTUAC:"level='asInvoker' uiAccess='false'" /manifest:embed /Debug /PDB:"C:\Users\Nicholas\Desktop\Final OOP\WallySearch\Release\WallySearch.pdb" /SUBSYSTEM:CONSOLE /OPT:REF /OPT:ICF /LTCG:incremental /TLBID:1 /DYNAMICBASE /NXCOMPAT /IMPLIB:"C:\Users\Nicholas\Desktop\Final OOP\WallySearch\Release\WallySearch.lib" /MACHINE:X86 /SAFESEH Release\Matrix.obj
         Release\WallySmall.obj
         Release\WallyLarge.obj
         Release\stdafx.obj
         Release\Main.obj
         Generating code
         All 270 functions were compiled because no usable IPDB/IOBJ from previous compilation was found.
         Finished generating code
         WallySearch.vcxproj -> C:\Users\Nicholas\Desktop\Final OOP\WallySearch\Release\WallySearch.exe
     1>Done Building Project "C:\Users\Nicholas\Desktop\Final OOP\WallySearch\WallySearch\WallySearch.vcxproj" (Build target(s)).

Build succeeded.

Time Elapsed 00:00:02.33
